This is pdfTeX, Version 3.14159265-2.6-1.40.21 (TeX Live 2020) (preloaded format=pdflatex 2020.10.24)  13 DEC 2020 11:34
entering extended mode
 restricted \write18 enabled.
 file:line:error style messages enabled.
 %&-line parsing enabled.
**/Users/eduardo/Desktop/PASTAS/TCC/tcc2Escrita/tcc.tex
(/Users/eduardo/Desktop/PASTAS/TCC/tcc2Escrita/tcc.tex
LaTeX2e <2020-02-02> patch level 5
L3 programming layer <2020-03-06> (/Users/eduardo/Desktop/PASTAS/TCC/tcc2Escrita/fixos/pacotes.tex (/usr/local/texlive/2020/texmf-dist/tex/latex/abntex2/abntex2.cls
Document Class: abntex2 2018/11/24 v-1.9.7 abnTeX2
(/usr/local/texlive/2020/texmf-dist/tex/latex/base/ifthen.sty
Package: ifthen 2014/09/29 v1.1c Standard LaTeX ifthen package (DPC)
) (/usr/local/texlive/2020/texmf-dist/tex/latex/memoir/memoir.cls
Document Class: memoir 2020/03/25 v3.7k configurable book, report, article document class
\onelineskip=\skip47
\lxvchars=\skip48
\xlvchars=\skip49
\@memcnta=\count167
\c@@memmarkcntra=\count168
LaTeX Info: Redefining \InputIfFileExists on input line 140.
(/usr/local/texlive/2020/texmf-dist/tex/generic/iftex/iftex.sty
Package: iftex 2020/03/06 v1.0d TeX engine tests
)
\stockheight=\skip50
\stockwidth=\skip51
\trimtop=\skip52
\trimedge=\skip53
 (/usr/local/texlive/2020/texmf-dist/tex/latex/memoir/mem12.clo
File: mem12.clo 2010/10/19 v0.4b memoir class 12pt size option
)
\binding=\skip54
\spinemargin=\skip55
\foremargin=\skip56
\uppermargin=\skip57
\lowermargin=\skip58
\headdrop=\skip59
\normalrulethickness=\skip60
\mem@maxheadheight=\skip61
\mem@maxfootheight=\skip62
\headwidth=\skip63
\c@storedpagenumber=\count169
\memPD=\dimen134
\m@mabparskip=\skip64
\thanksmarkwidth=\skip65
\thanksmarksep=\skip66
\droptitle=\skip67
\c@book=\count170
\c@part=\count171
\c@chapter=\count172
\c@section=\count173
\c@subsection=\count174
\c@subsubsection=\count175
\c@paragraph=\count176
\c@subparagraph=\count177
\beforechapskip=\skip68
\midchapskip=\skip69
\afterchapskip=\skip70
\chapindent=\skip71
\bottomsectionskip=\skip72
\secindent=\skip73
\beforesecskip=\skip74
\aftersecskip=\skip75
\subsecindent=\skip76
\beforesubsecskip=\skip77
\aftersubsecskip=\skip78
\subsubsecindent=\skip79
\beforesubsubsecskip=\skip80
\aftersubsubsecskip=\skip81
\paraindent=\skip82
\beforeparaskip=\skip83
\afterparaskip=\skip84
\subparaindent=\skip85
\beforesubparaskip=\skip86
\aftersubparaskip=\skip87
\pfbreakskip=\skip88
\c@@ppsavesec=\count178
\c@@ppsaveapp=\count179
\ragrparindent=\dimen135
\everylistparindent=\dimen136
\parsepi=\skip89
\topsepi=\skip90
\itemsepi=\skip91
\parsepii=\skip92
\topsepii=\skip93
\topsepiii=\skip94
\itemsepii=\skip95
\itemsepiii=\skip96
\partopsepii=\skip97
\partopsepiii=\skip98
\m@msavetopsep=\skip99
\m@msavepartopsep=\skip100
\@enLab=\toks15
\abstitleskip=\skip101
\absleftindent=\skip102
\abs@leftindent=\dimen137
\absrightindent=\skip103
\absparindent=\skip104
\absparsep=\skip105
\c@vslineno=\count180
\c@poemline=\count181
\c@modulo@vs=\count182
\c@memfvsline=\count183
\vleftskip=\skip106
\vrightskip=\skip107
\stanzaskip=\skip108
\versewidth=\skip109
\vgap=\skip110
\vindent=\skip111
\vleftmargin=\dimen138
\c@verse=\count184
\c@chrsinstr=\count185
\beforepoemtitleskip=\skip112
\afterpoemtitleskip=\skip113
\c@poem=\count186
\beforePoemTitleskip=\skip114
\midPoemTitleskip=\skip115
\afterPoemTitleskip=\skip116
 (/usr/local/texlive/2020/texmf-dist/tex/latex/tools/array.sty
Package: array 2019/08/31 v2.4l Tabular extension package (FMi)
\col@sep=\dimen139
\ar@mcellbox=\box45
\extrarowheight=\dimen140
\NC@list=\toks16
\extratabsurround=\skip117
\backup@length=\skip118
\ar@cellbox=\box46
) (/usr/local/texlive/2020/texmf-dist/tex/latex/tools/dcolumn.sty
Package: dcolumn 2014/10/28 v1.06 decimal alignment package (DPC)
) (/usr/local/texlive/2020/texmf-dist/tex/latex/tools/delarray.sty
Package: delarray 2014/10/28 v1.01 array delimiter package (DPC)
) (/usr/local/texlive/2020/texmf-dist/tex/latex/tools/tabularx.sty
Package: tabularx 2020/01/15 v2.11c `tabularx' package (DPC)
\TX@col@width=\dimen141
\TX@old@table=\dimen142
\TX@old@col=\dimen143
\TX@target=\dimen144
\TX@delta=\dimen145
\TX@cols=\count187
\TX@ftn=\toks17
)
\heavyrulewidth=\dimen146
\lightrulewidth=\dimen147
\cmidrulewidth=\dimen148
\belowrulesep=\dimen149
\belowbottomsep=\dimen150
\aboverulesep=\dimen151
\abovetopsep=\dimen152
\cmidrulesep=\dimen153
\cmidrulekern=\dimen154
\defaultaddspace=\dimen155
\@cmidla=\count188
\@cmidlb=\count189
\@aboverulesep=\dimen156
\@belowrulesep=\dimen157
\@thisruleclass=\count190
\@lastruleclass=\count191
\@thisrulewidth=\dimen158
\ctableftskip=\skip119
\ctabrightskip=\skip120
\abovecolumnspenalty=\count192
\@linestogo=\count193
\@cellstogo=\count194
\@cellsincolumn=\count195
\crtok=\toks18
\@mincolumnwidth=\dimen159
\c@newflo@tctr=\count196
\mem@margin@floatbox=\box47
\@contcwidth=\skip121
\@contindw=\skip122
\abovecaptionskip=\skip123
\belowcaptionskip=\skip124
\subfloattopskip=\skip125
\subfloatcapskip=\skip126
\subfloatcaptopadj=\skip127
\subfloatbottomskip=\skip128
\subfloatlabelskip=\skip129
\subfloatcapmargin=\dimen160
\c@@contsubnum=\count197
\m@mscap@capbox=\box48
\m@mscap@fbox=\box49
\sidecapsep=\dimen161
\sidecapwidth=\dimen162
\m@m@tempdima=\dimen163
\m@mscapraise=\dimen164
\sidecapraise=\dimen165
\m@mscapmainwidth=\dimen166
\m@mscaplkern=\dimen167
\beforeepigraphskip=\skip130
\afterepigraphskip=\skip131
\epigraphwidth=\skip132
\epigraphrule=\skip133
LaTeX Info: Redefining \em on input line 7664.
LaTeX Info: Redefining \emph on input line 7672.
\tocentryskip=\skip134
\tocbaseline=\skip135
\cftparskip=\skip136
\cftbeforebookskip=\skip137
\cftbookindent=\dimen168
\cftbooknumwidth=\dimen169
\cftbeforepartskip=\skip138
\cftpartindent=\skip139
\cftpartnumwidth=\skip140
\cftbeforechapterskip=\skip141
\cftchapterindent=\skip142
\cftchapternumwidth=\skip143
\cftbeforesectionskip=\skip144
\cftsectionindent=\skip145
\cftsectionnumwidth=\skip146
\cftbeforesubsectionskip=\skip147
\cftsubsectionindent=\skip148
\cftsubsectionnumwidth=\skip149
\cftbeforesubsubsectionskip=\skip150
\cftsubsubsectionindent=\skip151
\cftsubsubsectionnumwidth=\skip152
\cftbeforeparagraphskip=\skip153
\cftparagraphindent=\skip154
\cftparagraphnumwidth=\skip155
\cftbeforesubparagraphskip=\skip156
\cftsubparagraphindent=\skip157
\cftsubparagraphnumwidth=\skip158
\prechapterprecisshift=\dimen170
\c@maxsecnumdepth=\count198
\bibindent=\dimen171
\bibitemsep=\skip159
\indexcolsep=\skip160
\indexrule=\skip161
\indexmarkstyle=\toks19
\@indexbox=\insert199
\glossarycolsep=\dimen172
\glossaryrule=\dimen173
\sideparvshift=\skip162
\sideins=\insert252
\sidebartopsep=\skip163
\sidebarhsep=\skip164
\sidebarvsep=\skip165
\sidebarwidth=\skip166
\footmarkwidth=\skip167
\footmarksep=\skip168
\footparindent=\skip169
\footinsdim=\skip170
\footinsv@r=\insert251
\@mpfootinsv@r=\insert250
\m@m@k=\count266
\m@m@h=\dimen174
\m@mipn@skip=\skip171
\sidefootins=\insert249
\sidefootadjust=\skip172
\sidefootheight=\skip173
\sidefoothsep=\skip174
\sidefootvsep=\skip175
\sidefootwidth=\skip176
\m@mdownsf=\skip177
\c@sidefootnote=\count267
\sidefootmarkwidth=\skip178
\sidefootmarksep=\skip179
\sidefootparindent=\skip180
\c@pagenote=\count268
\c@pagenoteshadow=\count269
\mem@pn@lastkern=\skip181
\every@verbatim=\toks20
\afterevery@verbatim=\toks21
\verbatim@line=\toks22
\tab@position=\count270
\verbatim@in@stream=\read2
\verbatimindent=\skip182
\verbatim@out=\write3
\bvboxsep=\skip183
\c@memfbvline=\count271
\c@bvlinectr=\count272
\bvnumlength=\skip184
\fb@frw=\dimen175
\fb@frh=\dimen176
\FrameRule=\dimen177
\FrameSep=\dimen178
\c@cp@cntr=\count273
LaTeX Info: Redefining \: on input line 12191.
LaTeX Info: Redefining \! on input line 12193.
\c@ism@mctr=\count274
\c@xsm@mctr=\count275
\c@csm@mctr=\count276
\c@ksm@mctr=\count277
\c@xksm@mctr=\count278
\c@cksm@mctr=\count279
\c@msm@mctr=\count280
\c@xmsm@mctr=\count281
\c@cmsm@mctr=\count282
\c@bsm@mctr=\count283
\c@workm@mctr=\count284
\c@sheetsequence=\count285
\c@lastsheet=\count286
\c@lastpage=\count287
 (/usr/local/texlive/2020/texmf-dist/tex/latex/textcase/textcase.sty
Package: textcase 2019/09/14 v1.00 Text only upper/lower case changing (DPC)
)
\c@figure=\count288
\c@lofdepth=\count289
\cftbeforefigureskip=\skip185
\cftfigureindent=\skip186
\cftfigurenumwidth=\skip187
\c@table=\count290
\c@lotdepth=\count291
\cftbeforetableskip=\skip188
\cfttableindent=\skip189
\cfttablenumwidth=\skip190
Package abstract [2008/07/23] emulated by memoir.
Package appendix [2008/07/23] emulated by memoir.
Package booktabs [2016/05/16] emulated by memoir.
Package ccaption [2008/07/23] emulated by memoir.
Package changepage [2008/07/23] emulated by memoir.
Package chngcntr [2008/07/23] emulated by memoir.
Package chngpage [2008/07/23] emulated by memoir.
Package crop emulated by memoir.
Package enumerate [2008/07/23] emulated by memoir.
Package epigraph [2008/07/23] emulated by memoir.
Package ifmtarg [2008/07/23] emulated by memoir.
Package index [2008/07/23] emulated by memoir.
Package makeidx [2008/07/23] emulated by memoir.
Package moreverb [2008/07/23] emulated by memoir.
Package mparhack [2008/07/23] emulated by memoir.
Package needspace [2008/07/23] emulated by memoir.
Package newfile [2008/07/23] emulated by memoir.
Package nextpage [2008/07/23] emulated by memoir.
Package pagenote [2008/07/23] emulated by memoir.
Package parskip [2008/07/23] emulated by memoir.
Package patchcmd [2008/07/23] emulated by memoir.
Package setspace [2008/07/23] emulated by memoir.
Package shortvrb [2008/07/23] emulated by memoir.
Package showidx [2008/07/23] emulated by memoir.
Package titleref [2008/07/23] emulated by memoir.
Package titling [2008/07/23] emulated by memoir.
Package tocbibind [2008/07/23] emulated by memoir.
Package tocloft [2008/07/23] emulated by memoir.
Package tocvsec2 [2008/07/23] emulated by memoir.
Package verbatim [2008/07/23] emulated by memoir.
Package verse [2008/07/23] emulated by memoir.
) (/usr/local/texlive/2020/texmf-dist/tex/latex/hyperref/hyperref.sty
Package: hyperref 2020/01/14 v7.00d Hypertext links for LaTeX
 (/usr/local/texlive/2020/texmf-dist/tex/generic/ltxcmds/ltxcmds.sty
Package: ltxcmds 2019/12/15 v1.24 LaTeX kernel commands for general use (HO)
) (/usr/local/texlive/2020/texmf-dist/tex/latex/pdftexcmds/pdftexcmds.sty
Package: pdftexcmds 2019/11/24 v0.31 Utility functions of pdfTeX for LuaTeX (HO)
 (/usr/local/texlive/2020/texmf-dist/tex/generic/infwarerr/infwarerr.sty
Package: infwarerr 2019/12/03 v1.5 Providing info/warning/error messages (HO)
)
Package pdftexcmds Info: \pdf@primitive is available.
Package pdftexcmds Info: \pdf@ifprimitive is available.
Package pdftexcmds Info: \pdfdraftmode found.
) (/usr/local/texlive/2020/texmf-dist/tex/latex/graphics/keyval.sty
Package: keyval 2014/10/28 v1.15 key=value parser (DPC)
\KV@toks@=\toks23
) (/usr/local/texlive/2020/texmf-dist/tex/generic/kvsetkeys/kvsetkeys.sty
Package: kvsetkeys 2019/12/15 v1.18 Key value parser (HO)
) (/usr/local/texlive/2020/texmf-dist/tex/generic/kvdefinekeys/kvdefinekeys.sty
Package: kvdefinekeys 2019-12-19 v1.6 Define keys (HO)
) (/usr/local/texlive/2020/texmf-dist/tex/generic/pdfescape/pdfescape.sty
Package: pdfescape 2019/12/09 v1.15 Implements pdfTeX's escape features (HO)
) (/usr/local/texlive/2020/texmf-dist/tex/latex/hycolor/hycolor.sty
Package: hycolor 2020-01-27 v1.10 Color options for hyperref/bookmark (HO)
) (/usr/local/texlive/2020/texmf-dist/tex/latex/letltxmacro/letltxmacro.sty
Package: letltxmacro 2019/12/03 v1.6 Let assignment for LaTeX macros (HO)
) (/usr/local/texlive/2020/texmf-dist/tex/latex/auxhook/auxhook.sty
Package: auxhook 2019-12-17 v1.6 Hooks for auxiliary files (HO)
) (/usr/local/texlive/2020/texmf-dist/tex/latex/kvoptions/kvoptions.sty
Package: kvoptions 2019/11/29 v3.13 Key value format for package options (HO)
)
\@linkdim=\dimen179
\Hy@linkcounter=\count292
\Hy@pagecounter=\count293
 (/usr/local/texlive/2020/texmf-dist/tex/latex/hyperref/pd1enc.def
File: pd1enc.def 2020/01/14 v7.00d Hyperref: PDFDocEncoding definition (HO)
Now handling font encoding PD1 ...
... no UTF-8 mapping file for font encoding PD1
) (/usr/local/texlive/2020/texmf-dist/tex/generic/intcalc/intcalc.sty
Package: intcalc 2019/12/15 v1.3 Expandable calculations with integers (HO)
) (/usr/local/texlive/2020/texmf-dist/tex/generic/etexcmds/etexcmds.sty
Package: etexcmds 2019/12/15 v1.7 Avoid name clashes with e-TeX commands (HO)
)
\Hy@SavedSpaceFactor=\count294
Package hyperref Info: Hyper figures OFF on input line 4547.
Package hyperref Info: Link nesting OFF on input line 4552.
Package hyperref Info: Hyper index ON on input line 4555.
Package hyperref Info: Plain pages OFF on input line 4562.
Package hyperref Info: Backreferencing OFF on input line 4567.
Package hyperref Info: Implicit mode ON; LaTeX internals redefined.
Package hyperref Info: Bookmarks ON on input line 4800.
\c@Hy@tempcnt=\count295
 (/usr/local/texlive/2020/texmf-dist/tex/latex/url/url.sty
\Urlmuskip=\muskip16
Package: url 2013/09/16  ver 3.4  Verb mode for urls, etc.
)
LaTeX Info: Redefining \url on input line 5159.
\XeTeXLinkMargin=\dimen180
 (/usr/local/texlive/2020/texmf-dist/tex/generic/bitset/bitset.sty
Package: bitset 2019/12/09 v1.3 Handle bit-vector datatype (HO)
 (/usr/local/texlive/2020/texmf-dist/tex/generic/bigintcalc/bigintcalc.sty
Package: bigintcalc 2019/12/15 v1.5 Expandable calculations on big integers (HO)
))
\Fld@menulength=\count296
\Field@Width=\dimen181
\Fld@charsize=\dimen182
Package hyperref Info: Hyper figures OFF on input line 6430.
Package hyperref Info: Link nesting OFF on input line 6435.
Package hyperref Info: Hyper index ON on input line 6438.
Package hyperref Info: backreferencing OFF on input line 6445.
Package hyperref Info: Link coloring OFF on input line 6450.
Package hyperref Info: Link coloring with OCG OFF on input line 6455.
Package hyperref Info: PDF/A mode OFF on input line 6460.
LaTeX Info: Redefining \ref on input line 6500.
LaTeX Info: Redefining \pageref on input line 6504.
 (/usr/local/texlive/2020/texmf-dist/tex/generic/atbegshi/atbegshi.sty
Package: atbegshi 2019/12/05 v1.19 At begin shipout hook (HO)
)
\Hy@abspage=\count297
\c@Item=\count298
\c@Hfootnote=\count299
) (/usr/local/texlive/2020/texmf-dist/tex/latex/memoir/memhfixc.sty
Package: memhfixc 2019/10/24 v1.18 nameref/hyperref package fixes for memoir class
\c@memhycontfloat=\count300
\c@Hpagenote=\count301
)
Package hyperref Info: Driver (autodetected): hpdftex.
 (/usr/local/texlive/2020/texmf-dist/tex/latex/hyperref/hpdftex.def
File: hpdftex.def 2020/01/14 v7.00d Hyperref driver for pdfTeX
 (/usr/local/texlive/2020/texmf-dist/tex/latex/atveryend/atveryend.sty
Package: atveryend 2019-12-11 v1.11 Hooks at the very end of document (HO)
Package atveryend Info: \enddocument detected (standard20110627).
)
\Fld@listcount=\count302
\c@bookmark@seq@number=\count303
 (/usr/local/texlive/2020/texmf-dist/tex/latex/rerunfilecheck/rerunfilecheck.sty
Package: rerunfilecheck 2019/12/05 v1.9 Rerun checks for auxiliary files (HO)
 (/usr/local/texlive/2020/texmf-dist/tex/generic/uniquecounter/uniquecounter.sty
Package: uniquecounter 2019/12/15 v1.4 Provide unlimited unique counter (HO)
)
Package uniquecounter Info: New unique counter `rerunfilecheck' on input line 286.
)
\Hy@SectionHShift=\skip191
) (/usr/local/texlive/2020/texmf-dist/tex/latex/bookmark/bookmark.sty
Package: bookmark 2019/12/03 v1.28 PDF bookmarks (HO)
 (/usr/local/texlive/2020/texmf-dist/tex/latex/bookmark/bkm-pdftex.def
File: bkm-pdftex.def 2019/12/03 v1.28 bookmark driver for pdfTeX (HO)
\BKM@id=\count304
)) (/usr/local/texlive/2020/texmf-dist/tex/generic/babel/babel.sty
Package: babel 2020/03/22 3.42 The Babel package
 (/usr/local/texlive/2020/texmf-dist/tex/generic/babel/switch.def
File: switch.def 2020/03/22 3.42 Babel switching mechanism
) (/usr/local/texlive/2020/texmf-dist/tex/generic/babel-english/english.ldf
Language: english 2017/06/06 v3.3r English support from the babel system
 (/usr/local/texlive/2020/texmf-dist/tex/generic/babel/babel.def
File: babel.def 2020/03/22 3.42 Babel common definitions
\babel@savecnt=\count305
\U@D=\dimen183
 (/usr/local/texlive/2020/texmf-dist/tex/generic/babel/txtbabel.def)
\bbl@readstream=\read3
\bbl@dirlevel=\count306
)
Package babel Info: \l@canadian = using hyphenrules for english
(babel)             (\language0) on input line 102.
Package babel Info: \l@australian = using hyphenrules for ukenglish
(babel)             (\language21) on input line 105.
Package babel Info: \l@newzealand = using hyphenrules for ukenglish
(babel)             (\language21) on input line 108.
) (/usr/local/texlive/2020/texmf-dist/tex/generic/babel-french/french.ldf
Language: french 2020/01/30 v3.5g French support from the babel system
Package babel Info: \l@acadian = using hyphenrules for french
(babel)             (\language28) on input line 91.
Package babel Info: \l@canadien = using hyphenrules for french
(babel)             (\language28) on input line 92.
\FB@nonchar=\count307
Package babel Info: Making : an active character on input line 419.
Package babel Info: Making ; an active character on input line 420.
Package babel Info: Making ! an active character on input line 421.
Package babel Info: Making ? an active character on input line 422.
\FBguill@level=\count308
\FBold@everypar=\toks24
\FB@Mht=\dimen184
\mc@charclass=\count309
\mc@charfam=\count310
\mc@charslot=\count311
\std@mcc=\count312
\dec@mcc=\count313
\c@FBcaption@count=\count314
\listindentFB=\dimen185
\descindentFB=\dimen186
\labelindentFB=\dimen187
\labelwidthFB=\dimen188
\leftmarginFB=\dimen189
\parindentFFN=\dimen190
\FBfnindent=\dimen191
) (/usr/local/texlive/2020/texmf-dist/tex/generic/babel-spanish/spanish.ldf
Language: spanish.ldf 2016/03/03 v5.0p Spanish support from the babel system
\es@quottoks=\toks25
\es@quotdepth=\count315
Package babel Info: Making " an active character on input line 561.
Package babel Info: Making . an active character on input line 662.
Package babel Info: Making < an active character on input line 707.
Package babel Info: Making > an active character on input line 707.
) (/usr/local/texlive/2020/texmf-dist/tex/generic/babel-portuges/portuges.ldf
Language: portuges 2008/03/18 v1.2q Portuguese support from the babel system
Package babel Info: \l@brazil = using hyphenrules for portuguese
(babel)             (\language69) on input line 113.
)) (/usr/local/texlive/2020/texmf-dist/tex/latex/carlisle/scalefnt.sty) (/usr/local/texlive/2020/texmf-dist/tex/latex/enumitem/enumitem.sty
Package: enumitem 2019/06/20 v3.9 Customized lists
\labelindent=\skip192
\enit@outerparindent=\dimen192
\enit@toks=\toks26
\enit@inbox=\box50
\enit@count@id=\count316
\enitdp@description=\count317
) (/usr/local/texlive/2020/texmf-dist/tex/latex/tools/calc.sty
Package: calc 2017/05/25 v4.3 Infix arithmetic (KKT,FJ)
\calc@Acount=\count318
\calc@Bcount=\count319
\calc@Adimen=\dimen193
\calc@Bdimen=\dimen194
\calc@Askip=\skip193
\calc@Bskip=\skip194
LaTeX Info: Redefining \setlength on input line 80.
LaTeX Info: Redefining \addtolength on input line 81.
\calc@Ccount=\count320
\calc@Cskip=\skip195
)

******************************************************
Stock height and width: 845.04684pt by 597.50787pt
Top and edge trims: 0pt and 0pt
Page height and width: 845.04684pt by 597.50787pt
Text height and width: 708pt by 455pt
Spine and edge margins: 85.35826pt and 56.9055pt
Upper and lower margins: 85.35826pt and 51.68858pt
Headheight and headsep: 14.5pt and 19.8738pt
Footskip: 30pt
Columnsep and columnseprule: 10pt and 0pt
Marginparsep and marginparwidth: 7pt and 42.9055pt
Sidecapsep and sidecapwidth: 7pt and 42pt
Sidebarhsep and sidebarwidth: 7pt and 42pt
Sidebarvsep and sidebartopsep: 14.5pt and 0pt
Sidebarheight: 590.14995pt
Sidefoothsep and sidefootwidth: 7pt and 42pt
Sidefootvsep and sidefootheight: 14.5pt and 590.14995pt
******************************************************

\c@abntex@bookmarkcounter=\count321
\cftlastnumwidth=\skip196
\chapternamenumlength=\skip197
\ABNTEXcitacaorecuo=\skip198
\c@alineasi=\count322
\c@alineasii=\count323
\enitdp@alineas=\count324
\c@subalineasi=\count325
\enitdp@subalineas=\count326
\c@incisosi=\count327
\enitdp@incisos=\count328
\ABNTEXsignwidth=\skip256
\ABNTEXsignthickness=\skip257
\ABNTEXsignskip=\skip258
) (/usr/local/texlive/2020/texmf-dist/tex/latex/cmap/cmap.sty
Package: cmap 2008/03/06 v1.0h CMap support: searchable PDF
) (/usr/local/texlive/2020/texmf-dist/tex/latex/lm/lmodern.sty
Package: lmodern 2009/10/30 v1.6 Latin Modern Fonts
LaTeX Font Info:    Overwriting symbol font `operators' in version `normal'
(Font)                  OT1/cmr/m/n --> OT1/lmr/m/n on input line 22.
LaTeX Font Info:    Overwriting symbol font `letters' in version `normal'
(Font)                  OML/cmm/m/it --> OML/lmm/m/it on input line 23.
LaTeX Font Info:    Overwriting symbol font `symbols' in version `normal'
(Font)                  OMS/cmsy/m/n --> OMS/lmsy/m/n on input line 24.
LaTeX Font Info:    Overwriting symbol font `largesymbols' in version `normal'
(Font)                  OMX/cmex/m/n --> OMX/lmex/m/n on input line 25.
LaTeX Font Info:    Overwriting symbol font `operators' in version `bold'
(Font)                  OT1/cmr/bx/n --> OT1/lmr/bx/n on input line 26.
LaTeX Font Info:    Overwriting symbol font `letters' in version `bold'
(Font)                  OML/cmm/b/it --> OML/lmm/b/it on input line 27.
LaTeX Font Info:    Overwriting symbol font `symbols' in version `bold'
(Font)                  OMS/cmsy/b/n --> OMS/lmsy/b/n on input line 28.
LaTeX Font Info:    Overwriting symbol font `largesymbols' in version `bold'
(Font)                  OMX/cmex/m/n --> OMX/lmex/m/n on input line 29.
LaTeX Font Info:    Overwriting math alphabet `\mathbf' in version `normal'
(Font)                  OT1/cmr/bx/n --> OT1/lmr/bx/n on input line 31.
LaTeX Font Info:    Overwriting math alphabet `\mathsf' in version `normal'
(Font)                  OT1/cmss/m/n --> OT1/lmss/m/n on input line 32.
LaTeX Font Info:    Overwriting math alphabet `\mathit' in version `normal'
(Font)                  OT1/cmr/m/it --> OT1/lmr/m/it on input line 33.
LaTeX Font Info:    Overwriting math alphabet `\mathtt' in version `normal'
(Font)                  OT1/cmtt/m/n --> OT1/lmtt/m/n on input line 34.
LaTeX Font Info:    Overwriting math alphabet `\mathbf' in version `bold'
(Font)                  OT1/cmr/bx/n --> OT1/lmr/bx/n on input line 35.
LaTeX Font Info:    Overwriting math alphabet `\mathsf' in version `bold'
(Font)                  OT1/cmss/bx/n --> OT1/lmss/bx/n on input line 36.
LaTeX Font Info:    Overwriting math alphabet `\mathit' in version `bold'
(Font)                  OT1/cmr/bx/it --> OT1/lmr/bx/it on input line 37.
LaTeX Font Info:    Overwriting math alphabet `\mathtt' in version `bold'
(Font)                  OT1/cmtt/m/n --> OT1/lmtt/m/n on input line 38.
) (/usr/local/texlive/2020/texmf-dist/tex/latex/base/fontenc.sty
Package: fontenc 2020/02/11 v2.0o Standard LaTeX package
LaTeX Font Info:    Trying to load font information for T1+lmr on input line 112.
 (/usr/local/texlive/2020/texmf-dist/tex/latex/lm/t1lmr.fd
File: t1lmr.fd 2009/10/30 v1.6 Font defs for Latin Modern
)<<t1.cmap>>) (/usr/local/texlive/2020/texmf-dist/tex/latex/base/inputenc.sty
Package: inputenc 2018/08/11 v1.3c Input encoding file
\inpenc@prehook=\toks27
\inpenc@posthook=\toks28
) (/usr/local/texlive/2020/texmf-dist/tex/latex/lastpage/lastpage.sty
Package: lastpage 2015/03/29 v1.2m Refers to last page's name (HMM; JPG)
) (/usr/local/texlive/2020/texmf-dist/tex/latex/tools/indentfirst.sty
Package: indentfirst 1995/11/23 v1.03 Indent first paragraph (DPC)
) (/usr/local/texlive/2020/texmf-dist/tex/latex/graphics/color.sty
Package: color 2019/11/23 v1.2a Standard LaTeX Color (DPC)
 (/usr/local/texlive/2020/texmf-dist/tex/latex/graphics-cfg/color.cfg
File: color.cfg 2016/01/02 v1.6 sample color configuration
)
Package color Info: Driver file: pdftex.def on input line 147.
 (/usr/local/texlive/2020/texmf-dist/tex/latex/graphics-def/pdftex.def
File: pdftex.def 2018/01/08 v1.0l Graphics/color driver for pdftex
)) (/usr/local/texlive/2020/texmf-dist/tex/latex/graphics/graphicx.sty
Package: graphicx 2019/11/30 v1.2a Enhanced LaTeX Graphics (DPC,SPQR)
 (/usr/local/texlive/2020/texmf-dist/tex/latex/graphics/graphics.sty
Package: graphics 2019/11/30 v1.4a Standard LaTeX Graphics (DPC,SPQR)
 (/usr/local/texlive/2020/texmf-dist/tex/latex/graphics/trig.sty
Package: trig 2016/01/03 v1.10 sin cos tan (DPC)
) (/usr/local/texlive/2020/texmf-dist/tex/latex/graphics-cfg/graphics.cfg
File: graphics.cfg 2016/06/04 v1.11 sample graphics configuration
)
Package graphics Info: Driver file: pdftex.def on input line 105.
)
\Gin@req@height=\dimen195
\Gin@req@width=\dimen196
) (/usr/local/texlive/2020/texmf-dist/tex/latex/units/units.sty
Package: units 1998/08/04 v0.9b Typesetting units
 (/usr/local/texlive/2020/texmf-dist/tex/latex/units/nicefrac.sty
Package: nicefrac 1998/08/04 v0.9b Nice fractions
\L@UnitsRaiseDisplaystyle=\skip259
\L@UnitsRaiseTextstyle=\skip260
\L@UnitsRaiseScriptstyle=\skip261
)) (/usr/local/texlive/2020/texmf-dist/tex/latex/hyperref/backref.sty
Package: backref 2020/01/14 v1.40 Bibliographical back referencing
) (/usr/local/texlive/2020/texmf-dist/tex/latex/abntex2/abntex2cite.sty
Package: abntex2cite 2018/11/24 v-1.9.7 abnTeX2
 (/usr/local/texlive/2020/texmf-dist/tex/latex/abntex2/abntex2abrev.sty)
\minimumbiblabelwidth=\skip262
\ABCIauxlen=\skip263
\c@ABCIaux=\count329
\c@ABCImax=\count330
 (/usr/local/texlive/2020/texmf-dist/tex/generic/iftex/ifpdf.sty
Package: ifpdf 2019/10/25 v3.4 ifpdf legacy package. Use iftex instead.
) (/usr/local/texlive/2020/texmf-dist/tex/generic/iftex/ifxetex.sty
Package: ifxetex 2019/10/25 v0.7 ifxetex legacy package. Use iftex instead.
) (/usr/local/texlive/2020/texmf-dist/tex/latex/relsize/relsize.sty
Package: relsize 2013/03/29 ver 4.1
)
\biblabelsep=\skip264
LaTeX Info: Redefining \newblock on input line 591.
LaTeX Info: Redefining \cite on input line 618.
\ABCItoken=\toks29
) (/usr/local/texlive/2020/texmf-dist/tex/latex/bold-extra/bold-extra.sty
Package: bold-extra 2001/11/13 v0.1 Use fonts from cm/mf-extra/bold
)) (/usr/local/texlive/2020/texmf-dist/tex/latex/eso-pic/eso-pic.sty
Package: eso-pic 2018/04/12 v2.0h eso-pic (RN)
) (/Users/eduardo/Desktop/PASTAS/TCC/tcc2Escrita/fixos/comandos.tex) (/Users/eduardo/Desktop/PASTAS/TCC/tcc2Escrita/fixos/customizacoes.sty) (/Users/eduardo/Desktop/PASTAS/TCC/tcc2Escrita/editaveis/informacoes.tex) (/Users/eduardo/Desktop/PASTAS/TCC/tcc2Escrita/fixos/informacoes.tex) (/Users/eduardo/Desktop/PASTAS/TCC/tcc2Escrita/fixos/setup.tex
Package color Info: Redefining color blue on input line 1.
Package hyperref Info: Option `colorlinks' set `true' on input line 16.
)
\tcc@idxfile=\write4
\openout4 = `tcc.idx'.


Writing index file tcc.idx 
(/usr/local/texlive/2020/texmf-dist/tex/latex/l3backend/l3backend-pdfmode.def
File: l3backend-pdfmode.def 2020-03-12 L3 backend support: PDF mode
\l__kernel_color_stack_int=\count331
\l__pdf_internal_box=\box51
) (/Users/eduardo/Desktop/PASTAS/TCC/tcc2Escrita/tcc.aux

LaTeX Warning: Label `pontos' multiply defined.

)
\openout1 = `tcc.aux'.

LaTeX Font Info:    Checking defaults for OML/cmm/m/it on input line 9.
LaTeX Font Info:    ... okay on input line 9.
LaTeX Font Info:    Checking defaults for OMS/cmsy/m/n on input line 9.
LaTeX Font Info:    ... okay on input line 9.
LaTeX Font Info:    Checking defaults for OT1/cmr/m/n on input line 9.
LaTeX Font Info:    ... okay on input line 9.
LaTeX Font Info:    Checking defaults for T1/cmr/m/n on input line 9.
LaTeX Font Info:    ... okay on input line 9.
LaTeX Font Info:    Checking defaults for TS1/cmr/m/n on input line 9.
LaTeX Font Info:    ... okay on input line 9.
LaTeX Font Info:    Checking defaults for OMX/cmex/m/n on input line 9.
LaTeX Font Info:    ... okay on input line 9.
LaTeX Font Info:    Checking defaults for U/cmr/m/n on input line 9.
LaTeX Font Info:    ... okay on input line 9.
LaTeX Font Info:    Checking defaults for PD1/pdf/m/n on input line 9.
LaTeX Font Info:    ... okay on input line 9.
\AtBeginShipoutBox=\box52
Package hyperref Info: Link coloring ON on input line 9.
 (/usr/local/texlive/2020/texmf-dist/tex/latex/hyperref/nameref.sty
Package: nameref 2019/09/16 v2.46 Cross-referencing by name of section
 (/usr/local/texlive/2020/texmf-dist/tex/latex/refcount/refcount.sty
Package: refcount 2019/12/15 v3.6 Data extraction from label references (HO)
) (/usr/local/texlive/2020/texmf-dist/tex/generic/gettitlestring/gettitlestring.sty
Package: gettitlestring 2019/12/15 v1.6 Cleanup title references (HO)
)
\c@section@level=\count332
)
Redoing nameref's sectioning
Redoing nameref's label
LaTeX Info: Redefining \nameref on input line 9.
LaTeX Info: Redefining \ref on input line 9.
LaTeX Info: Redefining \pageref on input line 9.
LaTeX Info: Redefining \nameref on input line 9.
LaTeX Info: Redefining \degres on input line 9.
LaTeX Info: Redefining \dots on input line 9.
LaTeX Info: Redefining \up on input line 9.
\myptabbox=\box53
\myptabboxwidth=\skip265
Package lastpage Info: Please have a look at the pageslts package at
(lastpage)             https://www.ctan.org/pkg/pageslts
(lastpage)             ! on input line 9.
(/usr/local/texlive/2020/texmf-dist/tex/context/base/mkii/supp-pdf.mkii
[Loading MPS to PDF converter (version 2006.09.02).]
\scratchcounter=\count333
\scratchdimen=\dimen197
\scratchbox=\box54
\nofMPsegments=\count334
\nofMParguments=\count335
\everyMPshowfont=\toks30
\MPscratchCnt=\count336
\MPscratchDim=\dimen198
\MPnumerator=\count337
\makeMPintoPDFobject=\count338
\everyMPtoPDFconversion=\toks31
) (/usr/local/texlive/2020/texmf-dist/tex/latex/epstopdf-pkg/epstopdf-base.sty
Package: epstopdf-base 2020-01-24 v2.11 Base part for package epstopdf
Package epstopdf-base Info: Redefining graphics rule for `.eps' on input line 485.
 (/usr/local/texlive/2020/texmf-dist/tex/latex/latexconfig/epstopdf-sys.cfg
File: epstopdf-sys.cfg 2010/07/13 v1.3 Configuration of (r)epstopdf for TeX Live
))
LaTeX Font Info:    Trying to load font information for T1+lmss on input line 12.
 (/usr/local/texlive/2020/texmf-dist/tex/latex/lm/t1lmss.fd
File: t1lmss.fd 2009/10/30 v1.6 Font defs for Latin Modern
)
Package epstopdf Info: Source file: <figuras/capa.eps>
(epstopdf)                    date: 2020-10-24 10:13:05
(epstopdf)                    size: 12409969 bytes
(epstopdf)             Output file: <figuras/capa-eps-converted-to.pdf>
(epstopdf)                    date: 2020-10-24 10:13:05
(epstopdf)                    size: 1515857 bytes
(epstopdf)             Command: <repstopdf --outfile=figuras/capa-eps-converted-to.pdf figuras/capa.eps>
(epstopdf)             \includegraphics on input line 12.
Package epstopdf Info: Output file is already uptodate.
<figuras/capa-eps-converted-to.pdf, id=5, 10037.5pt x 14194.02875pt>
File: figuras/capa-eps-converted-to.pdf Graphic file (type pdf)
<use figuras/capa-eps-converted-to.pdf>
Package pdftex.def Info: figuras/capa-eps-converted-to.pdf  used on input line 12.
(pdftex.def)             Requested size: 597.47607pt x 844.89091pt.
 [1

{/usr/local/texlive/2020/texmf-var/fonts/map/pdftex/updmap/pdftex.map} </Users/eduardo/Desktop/PASTAS/TCC/tcc2Escrita/figuras/capa-eps-converted-to.pdf>]
LaTeX Font Info:    Trying to load font information for OT1+lmr on input line 14.
 (/usr/local/texlive/2020/texmf-dist/tex/latex/lm/ot1lmr.fd
File: ot1lmr.fd 2009/10/30 v1.6 Font defs for Latin Modern
)<<ot1.cmap>>
LaTeX Font Info:    Trying to load font information for OML+lmm on input line 14.
 (/usr/local/texlive/2020/texmf-dist/tex/latex/lm/omllmm.fd
File: omllmm.fd 2009/10/30 v1.6 Font defs for Latin Modern
)<<oml.cmap>>
LaTeX Font Info:    Trying to load font information for OMS+lmsy on input line 14.
 (/usr/local/texlive/2020/texmf-dist/tex/latex/lm/omslmsy.fd
File: omslmsy.fd 2009/10/30 v1.6 Font defs for Latin Modern
)<<oms.cmap>>
LaTeX Font Info:    Trying to load font information for OMX+lmex on input line 14.
 (/usr/local/texlive/2020/texmf-dist/tex/latex/lm/omxlmex.fd
File: omxlmex.fd 2009/10/30 v1.6 Font defs for Latin Modern
)
LaTeX Font Info:    External font `lmex10' loaded for size
(Font)              <12> on input line 14.
<<omx.cmap>>
LaTeX Font Info:    External font `lmex10' loaded for size
(Font)              <8> on input line 14.
LaTeX Font Info:    External font `lmex10' loaded for size
(Font)              <6> on input line 14.
pdfTeX warning (ext4): destination with the same identifier (name{page.1}) has been already used, duplicate ignored
<to be read again> 
                   \relax 
l.14 
      [1



] (/Users/eduardo/Desktop/PASTAS/TCC/tcc2Escrita/fixos/fichaCatalografica.tex
Underfull \hbox (badness 10000) in paragraph at lines 12--13

 []


Underfull \hbox (badness 10000) in paragraph at lines 14--15

 []


Overfull \hbox (16.44858pt too wide) in paragraph at lines 16--19
[]  [] 
 []


Underfull \hbox (badness 10000) in paragraph at lines 16--19

 []


Underfull \hbox (badness 10000) in paragraph at lines 20--27

 []


Underfull \hbox (badness 10000) in paragraph at lines 28--29

 []

LaTeX Font Info:    External font `lmex10' loaded for size
(Font)              <10> on input line 30.
LaTeX Font Info:    External font `lmex10' loaded for size
(Font)              <7> on input line 30.
LaTeX Font Info:    External font `lmex10' loaded for size
(Font)              <5> on input line 30.
) (/Users/eduardo/Desktop/PASTAS/TCC/tcc2Escrita/editaveis/errata.tex) (/Users/eduardo/Desktop/PASTAS/TCC/tcc2Escrita/fixos/folhaDeAprovacao.tex [2] [3

]) (/Users/eduardo/Desktop/PASTAS/TCC/tcc2Escrita/editaveis/dedicatoria.tex [4

]) (/Users/eduardo/Desktop/PASTAS/TCC/tcc2Escrita/editaveis/agradecimentos.tex [5


]) (/Users/eduardo/Desktop/PASTAS/TCC/tcc2Escrita/editaveis/epigrafe.tex [6

]) (/Users/eduardo/Desktop/PASTAS/TCC/tcc2Escrita/editaveis/resumo.tex
Overfull \hbox (15.85434pt too wide) in paragraph at lines 12--14
\T1/lmr/bx/n/12 Palavras-chave\T1/lmr/m/n/12 : Ga-mi-fi-ca-ção, Fer-ra-menta, Re-qui-si-tos, De-sen-vol-vi-mento, Mo-ti-va-ção, Apren-
 []

[7

]) (/Users/eduardo/Desktop/PASTAS/TCC/tcc2Escrita/editaveis/abstract.tex [8

]) (/Users/eduardo/Desktop/PASTAS/TCC/tcc2Escrita/fixos/listasAutomaticas.tex (/Users/eduardo/Desktop/PASTAS/TCC/tcc2Escrita/tcc.lof) [9

] (/Users/eduardo/Desktop/PASTAS/TCC/tcc2Escrita/tcc.lot) [10

]) (/Users/eduardo/Desktop/PASTAS/TCC/tcc2Escrita/editaveis/abreviaturas.tex) (/Users/eduardo/Desktop/PASTAS/TCC/tcc2Escrita/editaveis/simbolos.tex) (/Users/eduardo/Desktop/PASTAS/TCC/tcc2Escrita/fixos/indiceAutomatico.tex (/Users/eduardo/Desktop/PASTAS/TCC/tcc2Escrita/tcc.toc
LaTeX Font Info:    Font shape `T1/lmss/bx/it' in size <12> not available
(Font)              Font shape `T1/lmss/bx/sl' tried instead on input line 18.
LaTeX Font Info:    Font shape `T1/lmss/m/it' in size <12> not available
(Font)              Font shape `T1/lmss/m/sl' tried instead on input line 29.
LaTeX Font Info:    Font shape `T1/lmss/m/it' in size <10> not available
(Font)              Font shape `T1/lmss/m/sl' tried instead on input line 34.
LaTeX Font Info:    Font shape `T1/lmss/m/it' in size <10.95> not available
(Font)              Font shape `T1/lmss/m/sl' tried instead on input line 40.
 [11

] [12]
LaTeX Font Info:    External font `lmex10' loaded for size
(Font)              <14.4> on input line 102.
) [13]) (/Users/eduardo/Desktop/PASTAS/TCC/tcc2Escrita/editaveis/introducao.tex) (/Users/eduardo/Desktop/PASTAS/TCC/tcc2Escrita/editaveis/aspectosgerais.tex) (/Users/eduardo/Desktop/PASTAS/TCC/tcc2Escrita/editaveis/consideracoes.tex) (/Users/eduardo/Desktop/PASTAS/TCC/tcc2Escrita/editaveis/textoepostexto.tex) (/Users/eduardo/Desktop/PASTAS/TCC/tcc2Escrita/editaveis/elementosdotexto.tex [14


] [15] [16] [17]
<figuras/modoTradicional.png, id=416, 1027.84pt x 156.585pt>
File: figuras/modoTradicional.png Graphic file (type png)
<use figuras/modoTradicional.png>
Package pdftex.def Info: figuras/modoTradicional.png  used on input line 121.
(pdftex.def)             Requested size: 349.46098pt x 53.23819pt.
 [18

 </Users/eduardo/Desktop/PASTAS/TCC/tcc2Escrita/figuras/modoTradicional.png>]
LaTeX Font Info:    Font shape `T1/lmss/m/it' in size <17.28> not available
(Font)              Font shape `T1/lmss/m/sl' tried instead on input line 166.
 [19]
LaTeX Font Info:    Trying to load font information for TS1+lmr on input line 198.
 (/usr/local/texlive/2020/texmf-dist/tex/latex/lm/ts1lmr.fd
File: ts1lmr.fd 2009/10/30 v1.6 Font defs for Latin Modern
) [20] [21] [22] [23] [24]
<figuras/brain.png, id=517, 728.7225pt x 625.33624pt>
File: figuras/brain.png Graphic file (type png)
<use figuras/brain.png>
Package pdftex.def Info: figuras/brain.png  used on input line 360.
(pdftex.def)             Requested size: 247.76237pt x 212.61151pt.
LaTeX Font Info:    Font shape `T1/lmss/m/it' in size <14.4> not available
(Font)              Font shape `T1/lmss/m/sl' tried instead on input line 371.
<figuras/octogono.jpg, id=521, 1027.84pt x 770.88pt>
File: figuras/octogono.jpg Graphic file (type jpg)
<use figuras/octogono.jpg>
Package pdftex.def Info: figuras/octogono.jpg  used on input line 381.
(pdftex.def)             Requested size: 287.79324pt x 215.84492pt.


LaTeX Warning: `h' float specifier changed to `ht'.

[25 </Users/eduardo/Desktop/PASTAS/TCC/tcc2Escrita/figuras/brain.png>] [26 </Users/eduardo/Desktop/PASTAS/TCC/tcc2Escrita/figuras/octogono.jpg>]
<figuras/fasesjornada.png, id=547, 925.4575pt x 258.9675pt>
File: figuras/fasesjornada.png Graphic file (type png)
<use figuras/fasesjornada.png>
Package pdftex.def Info: figuras/fasesjornada.png  used on input line 428.
(pdftex.def)             Requested size: 444.21455pt x 124.30296pt.
 [27 </Users/eduardo/Desktop/PASTAS/TCC/tcc2Escrita/figuras/fasesjornada.png>] [28]
Overfull \hbox (2.7515pt too wide) in paragraph at lines 473--476
[]\T1/lmr/m/n/12 Como apre-sen-tado por [][]Chou[][] ([][]2017[][][]) em seu li-vro \T1/lmr/m/it/12 "Ac-ti-o-na-ble Ga-mi-fi-ca-tion ^^U Beyond
 []


Underfull \hbox (badness 10000) in paragraph at lines 489--489
\T1/lmr/bx/n/12 vol-vi-mento e
 []


Underfull \hbox (badness 10000) in paragraph at lines 489--489
\T1/lmr/bx/n/12 de-ra-mento e
 []


Underfull \hbox (badness 4205) in paragraph at lines 489--489
[]|\T1/lmr/bx/n/12 CD 5 - In-
 []


Underfull \hbox (badness 10000) in paragraph at lines 489--489
\T1/lmr/bx/n/12 la-ci-o-na-mento
 []


Underfull \hbox (badness 4967) in paragraph at lines 489--489
\T1/lmr/bx/n/12 vi-si-bi-li-dade e
 []


Underfull \hbox (badness 1122) in paragraph at lines 489--489
[]|\T1/lmr/bx/n/12 CD 8 - Pre-
 []


Underfull \hbox (badness 10000) in paragraph at lines 489--489
\T1/lmr/bx/n/12 ven-ção e
 []


Underfull \hbox (badness 10000) in paragraph at lines 489--489
[]|\T1/lmr/m/n/12 Realizadores
 []


Underfull \hbox (badness 10000) in paragraph at lines 489--489
[]|\T1/lmr/m/n/12 Exploradores
 []


Underfull \hbox (badness 10000) in paragraph at lines 489--489
[]|\T1/lmr/m/n/12 Socializadores
 []

[29]
<figuras/perfiljogadores.png, id=582, 437.635pt x 274.02374pt>
File: figuras/perfiljogadores.png Graphic file (type png)
<use figuras/perfiljogadores.png>
Package pdftex.def Info: figuras/perfiljogadores.png  used on input line 503.
(pdftex.def)             Requested size: 262.58302pt x 164.41551pt.
<figuras/nivel3.png, id=588, 588.1975pt x 506.89375pt>
File: figuras/nivel3.png Graphic file (type png)
<use figuras/nivel3.png>
Package pdftex.def Info: figuras/nivel3.png  used on input line 514.
(pdftex.def)             Requested size: 294.09802pt x 253.44626pt.
 [30 </Users/eduardo/Desktop/PASTAS/TCC/tcc2Escrita/figuras/perfiljogadores.png> </Users/eduardo/Desktop/PASTAS/TCC/tcc2Escrita/figuras/nivel3.png>]
Overfull \hbox (23.13307pt too wide) in paragraph at lines 545--547
[]\T1/lmr/m/n/12 Na fi-gura [][]7[][] é apre-sen-tado um exem-plo sim-ples de um di-a-grama entidade-relacionamento
 []

<figuras/figura1.png, id=605, 568.1225pt x 159.59625pt>
File: figuras/figura1.png Graphic file (type png)
<use figuras/figura1.png>
Package pdftex.def Info: figuras/figura1.png  used on input line 550.
(pdftex.def)             Requested size: 284.06055pt x 79.79791pt.

LaTeX Warning: `h' float specifier changed to `ht'.

[31]
<figuras/cascata.png, id=636, 649.42625pt x 121.45375pt>
File: figuras/cascata.png Graphic file (type png)
<use figuras/cascata.png>
Package pdftex.def Info: figuras/cascata.png  used on input line 602.
(pdftex.def)             Requested size: 389.65875pt x 72.87279pt.
 [32 </Users/eduardo/Desktop/PASTAS/TCC/tcc2Escrita/figuras/figura1.png>] [33 </Users/eduardo/Desktop/PASTAS/TCC/tcc2Escrita/figuras/cascata.png>]
Underfull \hbox (badness 1194) in paragraph at lines 632--632
[]|\T1/lmr/m/n/12 Pontos, \T1/lmr/m/it/12 ran-king\T1/lmr/m/n/12 , lista de de-sa-fios e
 []


LaTeX Warning: `h' float specifier changed to `ht'.

[34

]

LaTeX Warning: `h' float specifier changed to `ht'.

[35]
<figuras/espadas.png, id=667, 1125.20375pt x 294.09875pt>
File: figuras/espadas.png Graphic file (type png)
<use figuras/espadas.png>
Package pdftex.def Info: figuras/espadas.png  used on input line 729.
(pdftex.def)             Requested size: 450.07353pt x 117.6374pt.


LaTeX Warning: `h' float specifier changed to `ht'.

[36]
<figuras/p1.png, id=675, 1157.32375pt x 282.05376pt>
File: figuras/p1.png Graphic file (type png)
<use figuras/p1.png>
Package pdftex.def Info: figuras/p1.png  used on input line 758.
(pdftex.def)             Requested size: 462.9213pt x 112.81949pt.

Overfull \hbox (7.9213pt too wide) in paragraph at lines 758--759
 [][] 
 []


LaTeX Warning: `h' float specifier changed to `ht'.

<figuras/p2.png, id=676, 1185.42876pt x 263.98625pt>
File: figuras/p2.png Graphic file (type png)
<use figuras/p2.png>
Package pdftex.def Info: figuras/p2.png  used on input line 766.
(pdftex.def)             Requested size: 474.1631pt x 105.59262pt.

Overfull \hbox (19.1631pt too wide) in paragraph at lines 766--767
 [][] 
 []


LaTeX Warning: `h' float specifier changed to `ht'.

[37 </Users/eduardo/Desktop/PASTAS/TCC/tcc2Escrita/figuras/espadas.png>]

LaTeX Warning: `h' float specifier changed to `ht'.

[38 </Users/eduardo/Desktop/PASTAS/TCC/tcc2Escrita/figuras/p1.png> </Users/eduardo/Desktop/PASTAS/TCC/tcc2Escrita/figuras/p2.png>] [39] [40

]
<figuras/arquitetura.png, id=730, 609.77812pt x 207.77625pt>
File: figuras/arquitetura.png Graphic file (type png)
<use figuras/arquitetura.png>
Package pdftex.def Info: figuras/arquitetura.png  used on input line 881.
(pdftex.def)             Requested size: 487.82315pt x 166.2212pt.

Overfull \hbox (32.82315pt too wide) in paragraph at lines 881--882
 [][] 
 []


LaTeX Warning: `h' float specifier changed to `ht'.

[41] [42 </Users/eduardo/Desktop/PASTAS/TCC/tcc2Escrita/figuras/arquitetura.png>]
<figuras/modeloprocesso.png, id=748, 614.295pt x 613.29124pt>
File: figuras/modeloprocesso.png Graphic file (type png)
<use figuras/modeloprocesso.png>
Package pdftex.def Info: figuras/modeloprocesso.png  used on input line 917.
(pdftex.def)             Requested size: 368.57983pt x 367.97757pt.
 [43 </Users/eduardo/Desktop/PASTAS/TCC/tcc2Escrita/figuras/modeloprocesso.png>] [44]
<figuras/der.png, id=759, 1166.3575pt x 1250.6725pt>
File: figuras/der.png Graphic file (type png)
<use figuras/der.png>
Package pdftex.def Info: figuras/der.png  used on input line 942.
(pdftex.def)             Requested size: 466.53474pt x 500.26015pt.

Overfull \hbox (11.53474pt too wide) in paragraph at lines 942--943
 [][] 
 []

[45 </Users/eduardo/Desktop/PASTAS/TCC/tcc2Escrita/figuras/der.png>]
<figuras/dl.png, id=765, 1475.5125pt x 1284.8pt>
File: figuras/dl.png Graphic file (type png)
<use figuras/dl.png>
Package pdftex.def Info: figuras/dl.png  used on input line 951.
(pdftex.def)             Requested size: 472.17365pt x 411.14441pt.

Overfull \hbox (17.17365pt too wide) in paragraph at lines 951--952
 [][] 
 []

[46 </Users/eduardo/Desktop/PASTAS/TCC/tcc2Escrita/figuras/dl.png>]
<figuras/aisha.png, id=771, 295.1025pt x 619.31375pt>
File: figuras/aisha.png Graphic file (type png)
<use figuras/aisha.png>
Package pdftex.def Info: figuras/aisha.png  used on input line 980.
(pdftex.def)             Requested size: 177.06285pt x 371.59111pt.
 [47 </Users/eduardo/Desktop/PASTAS/TCC/tcc2Escrita/figuras/aisha.png>]
<figuras/voxter.png, id=777, 288.07625pt x 636.3775pt>
File: figuras/voxter.png Graphic file (type png)
<use figuras/voxter.png>
Package pdftex.def Info: figuras/voxter.png  used on input line 991.
(pdftex.def)             Requested size: 172.84708pt x 381.82944pt.
 [48

 </Users/eduardo/Desktop/PASTAS/TCC/tcc2Escrita/figuras/voxter.png>]
<figuras/lince.png, id=784, 291.0875pt x 556.0775pt>
File: figuras/lince.png Graphic file (type png)
<use figuras/lince.png>
Package pdftex.def Info: figuras/lince.png  used on input line 1000.
(pdftex.def)             Requested size: 174.65384pt x 333.64908pt.
 [49

 </Users/eduardo/Desktop/PASTAS/TCC/tcc2Escrita/figuras/lince.png>]
<figuras/amazona.png, id=791, 293.095pt x 452.69125pt>
File: figuras/amazona.png Graphic file (type png)
<use figuras/amazona.png>
Package pdftex.def Info: figuras/amazona.png  used on input line 1009.
(pdftex.def)             Requested size: 175.85834pt x 271.61684pt.
 [50

 </Users/eduardo/Desktop/PASTAS/TCC/tcc2Escrita/figuras/amazona.png>]
<figuras/tymer.png, id=797, 287.0725pt x 594.22pt>
File: figuras/tymer.png Graphic file (type png)
<use figuras/tymer.png>
Package pdftex.def Info: figuras/tymer.png  used on input line 1018.
(pdftex.def)             Requested size: 172.24483pt x 356.53474pt.
 [51

 </Users/eduardo/Desktop/PASTAS/TCC/tcc2Escrita/figuras/tymer.png>]
<figuras/scar.png, id=803, 288.07625pt x 566.115pt>
File: figuras/scar.png Graphic file (type png)
<use figuras/scar.png>
Package pdftex.def Info: figuras/scar.png  used on input line 1027.
(pdftex.def)             Requested size: 172.84708pt x 339.67162pt.
 [52

 </Users/eduardo/Desktop/PASTAS/TCC/tcc2Escrita/figuras/scar.png>] [53]
Underfull \hbox (badness 10000) in paragraph at lines 1131--1131
[]|\T1/lmr/bx/n/12 (1) Dis-cordo
 []


Underfull \hbox (badness 10000) in paragraph at lines 1131--1131
[]|\T1/lmr/bx/n/12 (2) Dis-cordo
 []


Underfull \hbox (badness 1264) in paragraph at lines 1131--1131
[]|\T1/lmr/bx/n/12 (3) Não con-
 []


Underfull \hbox (badness 3128) in paragraph at lines 1131--1131
[]|\T1/lmr/bx/n/12 (4) Con-cordo
 []


Underfull \hbox (badness 3128) in paragraph at lines 1131--1131
[]|\T1/lmr/bx/n/12 (5) Con-cordo
 []

[54]) (/Users/eduardo/Desktop/PASTAS/TCC/tcc2Escrita/editaveis/elementosdopostexto.tex) (/Users/eduardo/Desktop/PASTAS/TCC/tcc2Escrita/tcc.bbl (/Users/eduardo/Desktop/PASTAS/TCC/tcc2Escrita/tcc.brf)
\tf@brf=\write5
\openout5 = `tcc.brf'.

 [55]
bibitemlist
[56

] [57]) (/Users/eduardo/Desktop/PASTAS/TCC/tcc2Escrita/editaveis/apendices.tex [58]

Package hyperref Warning: Token not allowed in a PDF string (PDFDocEncoding):
(hyperref)                removing `\uppercase' on input line 4.

[59


]
<figuras/j1.png, id=932, 1005.7575pt x 529.98pt>
File: figuras/j1.png Graphic file (type png)
<use figuras/j1.png>
Package pdftex.def Info: figuras/j1.png  used on input line 11.
(pdftex.def)             Requested size: 402.29587pt x 211.98824pt.
<figuras/j2.png, id=933, 994.71625pt x 395.4775pt>
File: figuras/j2.png Graphic file (type png)
<use figuras/j2.png>
Package pdftex.def Info: figuras/j2.png  used on input line 16.
(pdftex.def)             Requested size: 397.87946pt x 158.18819pt.
<figuras/j3.png, id=934, 996.72375pt x 397.485pt>
File: figuras/j3.png Graphic file (type png)
<use figuras/j3.png>
Package pdftex.def Info: figuras/j3.png  used on input line 21.
(pdftex.def)             Requested size: 398.68243pt x 158.99118pt.
<figuras/1.png, id=935, 1003.75pt x 524.96124pt>
File: figuras/1.png Graphic file (type png)
<use figuras/1.png>
Package pdftex.def Info: figuras/1.png  used on input line 26.
(pdftex.def)             Requested size: 401.49289pt x 209.98077pt.


LaTeX Warning: `h' float specifier changed to `ht'.

<figuras/2.png, id=936, 997.7275pt x 456.70625pt>
File: figuras/2.png Graphic file (type png)
<use figuras/2.png>
Package pdftex.def Info: figuras/2.png  used on input line 31.
(pdftex.def)             Requested size: 399.08392pt x 182.67926pt.

LaTeX Warning: `h' float specifier changed to `ht'.

<figuras/3.png, id=937, 993.7125pt x 447.6725pt>
File: figuras/3.png Graphic file (type png)
<use figuras/3.png>
Package pdftex.def Info: figuras/3.png  used on input line 36.
(pdftex.def)             Requested size: 397.47795pt x 179.06583pt.

LaTeX Warning: `h' float specifier changed to `ht'.

<figuras/4.png, id=938, 989.6975pt x 451.6875pt>
File: figuras/4.png Graphic file (type png)
<use figuras/4.png>
Package pdftex.def Info: figuras/4.png  used on input line 41.
(pdftex.def)             Requested size: 395.87198pt x 180.67178pt.

LaTeX Warning: `h' float specifier changed to `ht'.

<figuras/5.png, id=939, 994.71625pt x 453.695pt>
File: figuras/5.png Graphic file (type png)
<use figuras/5.png>
Package pdftex.def Info: figuras/5.png  used on input line 46.
(pdftex.def)             Requested size: 397.87946pt x 181.47478pt.

LaTeX Warning: `h' float specifier changed to `ht'.

<figuras/6.png, id=940, 1000.73875pt x 443.6575pt>
File: figuras/6.png Graphic file (type png)
<use figuras/6.png>
Package pdftex.def Info: figuras/6.png  used on input line 51.
(pdftex.def)             Requested size: 400.28842pt x 177.45984pt.

LaTeX Warning: `h' float specifier changed to `ht'.

<figuras/7.png, id=941, 998.73125pt x 445.665pt>
File: figuras/7.png Graphic file (type png)
<use figuras/7.png>
Package pdftex.def Info: figuras/7.png  used on input line 56.
(pdftex.def)             Requested size: 399.48541pt x 178.26283pt.

LaTeX Warning: `h' float specifier changed to `ht'.

<figuras/8.png, id=942, 992.70876pt x 447.6725pt>
File: figuras/8.png Graphic file (type png)
<use figuras/8.png>
Package pdftex.def Info: figuras/8.png  used on input line 61.
(pdftex.def)             Requested size: 397.07648pt x 179.06583pt.

LaTeX Warning: `h' float specifier changed to `ht'.

<figuras/9.png, id=943, 996.72375pt x 448.67625pt>
File: figuras/9.png Graphic file (type png)
<use figuras/9.png>
Package pdftex.def Info: figuras/9.png  used on input line 66.
(pdftex.def)             Requested size: 398.68243pt x 179.46732pt.

LaTeX Warning: `h' float specifier changed to `ht'.

<figuras/10.png, id=944, 1006.76125pt x 449.68pt>
File: figuras/10.png Graphic file (type png)
<use figuras/10.png>
Package pdftex.def Info: figuras/10.png  used on input line 71.
(pdftex.def)             Requested size: 402.69736pt x 179.8688pt.

LaTeX Warning: `h' float specifier changed to `ht'.

) (/Users/eduardo/Desktop/PASTAS/TCC/tcc2Escrita/editaveis/anexos.tex) (/Users/eduardo/Desktop/PASTAS/TCC/tcc2Escrita/tcc.ind) 
AED: lastpage setting LastPage
[60

 </Users/eduardo/Desktop/PASTAS/TCC/tcc2Escrita/figuras/j1.png> </Users/eduardo/Desktop/PASTAS/TCC/tcc2Escrita/figuras/j2.png> </Users/eduardo/Desktop/PASTAS/TCC/tcc2Escrita/figuras/j3.png>] [61 </Users/eduardo/Desktop/PASTAS/TCC/tcc2Escrita/figuras/1.png> </Users/eduardo/Desktop/PASTAS/TCC/tcc2Escrita/figuras/2.png> </Users/eduardo/Desktop/PASTAS/TCC/tcc2Escrita/figuras/3.png>] [62 </Users/eduardo/Desktop/PASTAS/TCC/tcc2Escrita/figuras/4.png> </Users/eduardo/Desktop/PASTAS/TCC/tcc2Escrita/figuras/5.png> </Users/eduardo/Desktop/PASTAS/TCC/tcc2Escrita/figuras/6.png>] [63 </Users/eduardo/Desktop/PASTAS/TCC/tcc2Escrita/figuras/7.png> </Users/eduardo/Desktop/PASTAS/TCC/tcc2Escrita/figuras/8.png> </Users/eduardo/Desktop/PASTAS/TCC/tcc2Escrita/figuras/9.png>] [64 </Users/eduardo/Desktop/PASTAS/TCC/tcc2Escrita/figuras/10.png>]
\tf@lof=\write6
\openout6 = `tcc.lof'.

\tf@lot=\write7
\openout7 = `tcc.lot'.

\tf@toc=\write8
\openout8 = `tcc.toc'.

Package atveryend Info: Empty hook `BeforeClearDocument' on input line 46.
Package atveryend Info: Empty hook `AfterLastShipout' on input line 46.
 (/Users/eduardo/Desktop/PASTAS/TCC/tcc2Escrita/tcc.aux)
Package atveryend Info: Executing hook `AtVeryEndDocument' on input line 46.
Package atveryend Info: Executing hook `AtEndAfterFileList' on input line 46.
Package rerunfilecheck Info: File `tcc.brf' has not changed.
(rerunfilecheck)             Checksum: EFB04EA00A5BA1194E1A6C417902243E;5407.


LaTeX Warning: There were multiply-defined labels.

Package atveryend Info: Empty hook `AtVeryVeryEnd' on input line 46.
 ) 
Here is how much of TeX's memory you used:
 13793 strings out of 480608
 211928 string characters out of 5903629
 523521 words of memory out of 5000000
 29012 multiletter control sequences out of 15000+600000
 631124 words of font info for 73 fonts, out of 8000000 for 9000
 1141 hyphenation exceptions out of 8191
 45i,13n,45p,478b,613s stack positions out of 5000i,500n,10000p,200000b,80000s
{/usr/local/texlive/2020/texmf-dist/fonts/enc/dvips/lm/lm-ec.enc}{/usr/local/texlive/2020/texmf-dist/fonts/enc/dvips/lm/lm-ts1.enc}</usr/local/texlive/2020/texmf-dist/fonts/type1/public/lm/lmbx12.pfb></usr/local/texlive/2020/texmf-dist/fonts/type1/public/lm/lmbxi10.pfb></usr/local/texlive/2020/texmf-dist/fonts/type1/public/lm/lmr10.pfb></usr/local/texlive/2020/texmf-dist/fonts/type1/public/lm/lmr12.pfb></usr/local/texlive/2020/texmf-dist/fonts/type1/public/lm/lmri10.pfb></usr/local/texlive/2020/texmf-dist/fonts/type1/public/lm/lmri12.pfb></usr/local/texlive/2020/texmf-dist/fonts/type1/public/lm/lmss10.pfb></usr/local/texlive/2020/texmf-dist/fonts/type1/public/lm/lmss12.pfb></usr/local/texlive/2020/texmf-dist/fonts/type1/public/lm/lmss17.pfb></usr/local/texlive/2020/texmf-dist/fonts/type1/public/lm/lmssbo10.pfb></usr/local/texlive/2020/texmf-dist/fonts/type1/public/lm/lmssbx10.pfb></usr/local/texlive/2020/texmf-dist/fonts/type1/public/lm/lmsso10.pfb></usr/local/texlive/2020/texmf-dist/fonts/type1/public/lm/lmsso12.pfb></usr/local/texlive/2020/texmf-dist/fonts/type1/public/lm/lmsso17.pfb>
Output written on /Users/eduardo/Desktop/PASTAS/TCC/tcc2Escrita/tcc.pdf (65 pages, 4100153 bytes).
PDF statistics:
 1381 PDF objects out of 1440 (max. 8388607)
 1213 compressed objects within 13 object streams
 247 named destinations out of 1000 (max. 500000)
 980 words of extra memory for PDF output out of 10000 (max. 10000000)

